2025-12-02 00:26:23,382 [INFO] App - FilamentHub Logging-System initialisiert.
2025-12-02 00:26:23,382 [INFO] App - Aktive Log-Module: {'app': {'enabled': True}, 'bambu': {'enabled': True}, 'errors': {'enabled': True}, 'klipper': {'enabled': False}}
2025-12-02 00:26:23,382 [INFO] App - Starte FilamentHub API Server...
2025-12-02 00:26:23,584 [INFO] App - FilamentHub Logging-System initialisiert.
2025-12-02 00:26:23,584 [INFO] App - Aktive Log-Module: {'app': {'enabled': True}, 'bambu': {'enabled': True}, 'errors': {'enabled': True}, 'klipper': {'enabled': False}}
2025-12-02 01:12:42,289 [INFO] App - FilamentHub Logging-System initialisiert.
2025-12-02 01:12:42,289 [INFO] App - Aktive Log-Module: {'app': {'enabled': True}, 'bambu': {'enabled': True}, 'errors': {'enabled': True}, 'klipper': {'enabled': False}}
2025-12-02 01:12:42,289 [INFO] App - Starte FilamentHub API Server...
2025-12-02 01:12:42,484 [INFO] App - FilamentHub Logging-System initialisiert.
2025-12-02 01:12:42,484 [INFO] App - Aktive Log-Module: {'app': {'enabled': True}, 'bambu': {'enabled': True}, 'errors': {'enabled': True}, 'klipper': {'enabled': False}}
2025-12-02 01:14:58,192 [INFO] App - FilamentHub Logging-System initialisiert.
2025-12-02 01:14:58,192 [INFO] App - Aktive Log-Module: {'app': {'enabled': True}, 'bambu': {'enabled': True}, 'errors': {'enabled': True}, 'klipper': {'enabled': False}}
2025-12-02 01:22:11,497 [INFO] App - FilamentHub Logging-System initialisiert.
2025-12-02 01:22:11,497 [INFO] App - Aktive Log-Module: {'app': {'enabled': True}, 'bambu': {'enabled': True}, 'errors': {'enabled': True}, 'klipper': {'enabled': False}}
2025-12-02 01:22:11,497 [INFO] App - Starte FilamentHub API Server...
2025-12-02 01:22:11,704 [INFO] App - FilamentHub Logging-System initialisiert.
2025-12-02 01:22:11,704 [INFO] App - Aktive Log-Module: {'app': {'enabled': True}, 'bambu': {'enabled': True}, 'errors': {'enabled': True}, 'klipper': {'enabled': False}}
2025-12-02 01:22:36,681 [INFO] App - FilamentHub Logging-System initialisiert.
2025-12-02 01:22:36,681 [INFO] App - Aktive Log-Module: {'app': {'enabled': True}, 'bambu': {'enabled': True}, 'errors': {'enabled': True}, 'klipper': {'enabled': False}}
2025-12-02 01:22:36,681 [INFO] App - Starte FilamentHub API Server...
2025-12-02 01:22:36,892 [INFO] App - FilamentHub Logging-System initialisiert.
2025-12-02 01:22:36,892 [INFO] App - Aktive Log-Module: {'app': {'enabled': True}, 'bambu': {'enabled': True}, 'errors': {'enabled': True}, 'klipper': {'enabled': False}}
2025-12-02 01:25:53,639 [INFO] App - FilamentHub Logging-System initialisiert.
2025-12-02 01:25:53,639 [INFO] App - Aktive Log-Module: {'app': {'enabled': True}, 'bambu': {'enabled': True}, 'errors': {'enabled': True}, 'klipper': {'enabled': False}}
2025-12-02 01:25:53,639 [INFO] App - Starte FilamentHub API Server...
2025-12-02 01:25:53,835 [INFO] App - FilamentHub Logging-System initialisiert.
2025-12-02 01:25:53,836 [INFO] App - Aktive Log-Module: {'app': {'enabled': True}, 'bambu': {'enabled': True}, 'errors': {'enabled': True}, 'klipper': {'enabled': False}}
2025-12-02 01:26:41,602 [INFO] App - FilamentHub Logging-System initialisiert.
2025-12-02 01:26:41,602 [INFO] App - Aktive Log-Module: {'app': {'enabled': True}, 'bambu': {'enabled': True}, 'errors': {'enabled': True}, 'klipper': {'enabled': False}}
2025-12-02 01:26:41,602 [INFO] App - Starte FilamentHub API Server...
2025-12-02 01:26:41,794 [INFO] App - FilamentHub Logging-System initialisiert.
2025-12-02 01:26:41,794 [INFO] App - Aktive Log-Module: {'app': {'enabled': True}, 'bambu': {'enabled': True}, 'errors': {'enabled': True}, 'klipper': {'enabled': False}}
2025-12-02 01:28:19,641 [INFO] App - FilamentHub Logging-System initialisiert.
2025-12-02 01:28:19,641 [INFO] App - Aktive Log-Module: {'app': {'enabled': True}, 'bambu': {'enabled': True}, 'errors': {'enabled': True}, 'klipper': {'enabled': False}}
2025-12-02 01:28:46,531 [INFO] App - FilamentHub Logging-System initialisiert.
2025-12-02 01:28:46,531 [INFO] App - Aktive Log-Module: {'app': {'enabled': True}, 'bambu': {'enabled': True}, 'errors': {'enabled': True}, 'klipper': {'enabled': False}}
2025-12-02 01:28:53,023 [INFO] App - FilamentHub Logging-System initialisiert.
2025-12-02 01:28:53,023 [INFO] App - Aktive Log-Module: {'app': {'enabled': True}, 'bambu': {'enabled': True}, 'errors': {'enabled': True}, 'klipper': {'enabled': False}}
2025-12-02 01:29:18,058 [INFO] App - FilamentHub Logging-System initialisiert.
2025-12-02 01:29:18,058 [INFO] App - Aktive Log-Module: {'app': {'enabled': True}, 'bambu': {'enabled': True}, 'errors': {'enabled': True}, 'klipper': {'enabled': False}}
2025-12-02 01:30:39,674 [INFO] App - FilamentHub Logging-System initialisiert.
2025-12-02 01:30:39,675 [INFO] App - Aktive Log-Module: {'app': {'enabled': True}, 'bambu': {'enabled': True}, 'errors': {'enabled': True}, 'klipper': {'enabled': False}}
2025-12-02 01:30:39,675 [INFO] App - Starte FilamentHub API Server...
2025-12-02 01:30:39,869 [INFO] App - FilamentHub Logging-System initialisiert.
2025-12-02 01:30:39,869 [INFO] App - Aktive Log-Module: {'app': {'enabled': True}, 'bambu': {'enabled': True}, 'errors': {'enabled': True}, 'klipper': {'enabled': False}}
2025-12-02 01:32:51,452 [INFO] App - FilamentHub Logging-System initialisiert.
2025-12-02 01:32:51,452 [INFO] App - Aktive Log-Module: {'app': {'enabled': True}, 'bambu': {'enabled': True}, 'errors': {'enabled': True}, 'klipper': {'enabled': False}}
2025-12-02 09:02:29,180 [INFO] App - FilamentHub Logging-System initialisiert.
2025-12-02 09:02:29,180 [INFO] App - Aktive Log-Module: {'app': {'enabled': True}, 'bambu': {'enabled': True}, 'errors': {'enabled': True}, 'klipper': {'enabled': False}}
2025-12-02 09:02:29,180 [INFO] App - Starte FilamentHub API Server...
2025-12-02 09:02:29,384 [INFO] App - FilamentHub Logging-System initialisiert.
2025-12-02 09:02:29,384 [INFO] App - Aktive Log-Module: {'app': {'enabled': True}, 'bambu': {'enabled': True}, 'errors': {'enabled': True}, 'klipper': {'enabled': False}}
2025-12-02 09:04:58,306 [INFO] App - FilamentHub Logging-System initialisiert.
2025-12-02 09:04:58,306 [INFO] App - Aktive Log-Module: {'app': {'enabled': True}, 'bambu': {'enabled': True}, 'errors': {'enabled': True}, 'klipper': {'enabled': False}}
2025-12-02 09:08:56,799 [INFO] App - FilamentHub Logging-System initialisiert.
2025-12-02 09:08:56,799 [INFO] App - Aktive Log-Module: {'app': {'enabled': True}, 'bambu': {'enabled': True}, 'errors': {'enabled': True}, 'klipper': {'enabled': False}}
2025-12-02 09:14:30,069 [INFO] App - FilamentHub Logging-System initialisiert.
2025-12-02 09:14:30,069 [INFO] App - Aktive Log-Module: {'app': {'enabled': True}, 'bambu': {'enabled': True}, 'errors': {'enabled': True}, 'klipper': {'enabled': False}}
2025-12-02 09:14:37,407 [INFO] App - FilamentHub Logging-System initialisiert.
2025-12-02 09:14:37,407 [INFO] App - Aktive Log-Module: {'app': {'enabled': True}, 'bambu': {'enabled': True}, 'errors': {'enabled': True}, 'klipper': {'enabled': False}}
2025-12-02 09:15:05,216 [INFO] App - FilamentHub Logging-System initialisiert.
2025-12-02 09:15:05,216 [INFO] App - Aktive Log-Module: {'app': {'enabled': True}, 'bambu': {'enabled': True}, 'errors': {'enabled': True}, 'klipper': {'enabled': False}}
2025-12-02 09:15:12,388 [INFO] App - FilamentHub Logging-System initialisiert.
2025-12-02 09:15:12,389 [INFO] App - Aktive Log-Module: {'app': {'enabled': True}, 'bambu': {'enabled': True}, 'errors': {'enabled': True}, 'klipper': {'enabled': False}}
2025-12-02 09:15:39,979 [INFO] App - FilamentHub Logging-System initialisiert.
2025-12-02 09:15:39,979 [INFO] App - Aktive Log-Module: {'app': {'enabled': True}, 'bambu': {'enabled': True}, 'errors': {'enabled': True}, 'klipper': {'enabled': False}}
2025-12-02 09:16:06,916 [INFO] App - FilamentHub Logging-System initialisiert.
2025-12-02 09:16:06,916 [INFO] App - Aktive Log-Module: {'app': {'enabled': True}, 'bambu': {'enabled': True}, 'errors': {'enabled': True}, 'klipper': {'enabled': False}}
2025-12-02 09:26:17,312 [INFO] App - FilamentHub Logging-System initialisiert.
2025-12-02 09:26:17,312 [INFO] App - Aktive Log-Module: {'app': {'enabled': True}, 'bambu': {'enabled': True}, 'errors': {'enabled': True}, 'klipper': {'enabled': False}}
2025-12-02 10:23:34,257 [INFO] App - FilamentHub Logging-System initialisiert.
2025-12-02 10:23:34,257 [INFO] App - Aktive Log-Module: {'app': {'enabled': True}, 'bambu': {'enabled': True}, 'errors': {'enabled': True}, 'klipper': {'enabled': False}}
2025-12-02 14:16:05,608 [INFO] App - FilamentHub Logging-System initialisiert.
2025-12-02 14:16:05,609 [INFO] App - Aktive Log-Module: {'app': {'enabled': True}, 'bambu': {'enabled': True}, 'errors': {'enabled': True}, 'klipper': {'enabled': False}}
2025-12-02 14:16:05,609 [INFO] App - Starte FilamentHub API Server...
2025-12-02 14:16:05,814 [INFO] App - FilamentHub Logging-System initialisiert.
2025-12-02 14:16:05,814 [INFO] App - Aktive Log-Module: {'app': {'enabled': True}, 'bambu': {'enabled': True}, 'errors': {'enabled': True}, 'klipper': {'enabled': False}}
2025-12-02 14:37:12,008 [INFO] App - FilamentHub Logging-System initialisiert.
2025-12-02 14:37:12,009 [INFO] App - Aktive Log-Module: {'app': {'enabled': True}, 'bambu': {'enabled': True}, 'errors': {'enabled': True}, 'klipper': {'enabled': False}}
2025-12-02 14:37:31,799 [INFO] App - FilamentHub Logging-System initialisiert.
2025-12-02 14:37:31,799 [INFO] App - Aktive Log-Module: {'app': {'enabled': True}, 'bambu': {'enabled': True}, 'errors': {'enabled': True}, 'klipper': {'enabled': False}}
2025-12-02 14:37:52,794 [INFO] App - FilamentHub Logging-System initialisiert.
2025-12-02 14:37:52,794 [INFO] App - Aktive Log-Module: {'app': {'enabled': True}, 'bambu': {'enabled': True}, 'errors': {'enabled': True}, 'klipper': {'enabled': False}}
2025-12-02 14:37:52,795 [INFO] App - Starte FilamentHub API Server...
2025-12-02 14:37:53,001 [INFO] App - FilamentHub Logging-System initialisiert.
2025-12-02 14:37:53,001 [INFO] App - Aktive Log-Module: {'app': {'enabled': True}, 'bambu': {'enabled': True}, 'errors': {'enabled': True}, 'klipper': {'enabled': False}}
2025-12-02 14:40:24,384 [INFO] App - FilamentHub Logging-System initialisiert.
2025-12-02 14:40:24,384 [INFO] App - Aktive Log-Module: {'app': {'enabled': True}, 'bambu': {'enabled': True}, 'errors': {'enabled': True}, 'klipper': {'enabled': False}}
2025-12-02 14:41:04,571 [INFO] App - FilamentHub Logging-System initialisiert.
2025-12-02 14:41:04,571 [INFO] App - Aktive Log-Module: {'app': {'enabled': True}, 'bambu': {'enabled': True}, 'errors': {'enabled': True}, 'klipper': {'enabled': False}}
2025-12-02 14:41:04,571 [INFO] App - Starte FilamentHub API Server...
2025-12-02 14:41:04,777 [INFO] App - FilamentHub Logging-System initialisiert.
2025-12-02 14:41:04,777 [INFO] App - Aktive Log-Module: {'app': {'enabled': True}, 'bambu': {'enabled': True}, 'errors': {'enabled': True}, 'klipper': {'enabled': False}}
2025-12-02 14:50:53,752 [INFO] App - FilamentHub Logging-System initialisiert.
2025-12-02 14:50:53,753 [INFO] App - Aktive Log-Module: {'app': {'enabled': True}, 'bambu': {'enabled': True}, 'errors': {'enabled': True}, 'klipper': {'enabled': False}}
2025-12-02 14:50:53,753 [INFO] App - Starte FilamentHub API Server...
2025-12-02 14:50:53,963 [INFO] App - FilamentHub Logging-System initialisiert.
2025-12-02 14:50:53,963 [INFO] App - Aktive Log-Module: {'app': {'enabled': True}, 'bambu': {'enabled': True}, 'errors': {'enabled': True}, 'klipper': {'enabled': False}}
2025-12-02 14:57:51,166 [INFO] App - FilamentHub Logging-System initialisiert.
2025-12-02 14:57:51,166 [INFO] App - Aktive Log-Module: {'app': {'enabled': True}, 'bambu': {'enabled': True}, 'errors': {'enabled': True}, 'klipper': {'enabled': False}}
2025-12-02 14:57:51,167 [INFO] App - Starte FilamentHub API Server...
2025-12-02 14:57:51,373 [INFO] App - FilamentHub Logging-System initialisiert.
2025-12-02 14:57:51,373 [INFO] App - Aktive Log-Module: {'app': {'enabled': True}, 'bambu': {'enabled': True}, 'errors': {'enabled': True}, 'klipper': {'enabled': False}}
2025-12-02 15:06:12,849 [INFO] App - FilamentHub Logging-System initialisiert.
2025-12-02 15:06:12,849 [INFO] App - Aktive Log-Module: {'app': {'enabled': True}, 'bambu': {'enabled': True}, 'errors': {'enabled': True}, 'klipper': {'enabled': False}}
2025-12-02 15:06:25,749 [INFO] App - FilamentHub Logging-System initialisiert.
2025-12-02 15:06:25,750 [INFO] App - Aktive Log-Module: {'app': {'enabled': True}, 'bambu': {'enabled': True}, 'errors': {'enabled': True}, 'klipper': {'enabled': False}}
2025-12-02 15:06:37,998 [INFO] App - FilamentHub Logging-System initialisiert.
2025-12-02 15:06:37,999 [INFO] App - Aktive Log-Module: {'app': {'enabled': True}, 'bambu': {'enabled': True}, 'errors': {'enabled': True}, 'klipper': {'enabled': False}}
2025-12-02 15:06:56,021 [INFO] App - FilamentHub Logging-System initialisiert.
2025-12-02 15:06:56,021 [INFO] App - Aktive Log-Module: {'app': {'enabled': True}, 'bambu': {'enabled': True}, 'errors': {'enabled': True}, 'klipper': {'enabled': False}}
2025-12-02 15:07:06,406 [INFO] App - FilamentHub Logging-System initialisiert.
2025-12-02 15:07:06,406 [INFO] App - Aktive Log-Module: {'app': {'enabled': True}, 'bambu': {'enabled': True}, 'errors': {'enabled': True}, 'klipper': {'enabled': False}}
2025-12-02 15:08:27,072 [INFO] App - FilamentHub Logging-System initialisiert.
2025-12-02 15:08:27,072 [INFO] App - Aktive Log-Module: {'app': {'enabled': True}, 'bambu': {'enabled': True}, 'errors': {'enabled': True}, 'klipper': {'enabled': False}}
2025-12-02 15:08:39,695 [INFO] App - FilamentHub Logging-System initialisiert.
2025-12-02 15:08:39,696 [INFO] App - Aktive Log-Module: {'app': {'enabled': True}, 'bambu': {'enabled': True}, 'errors': {'enabled': True}, 'klipper': {'enabled': False}}
2025-12-02 15:12:01,349 [INFO] App - FilamentHub Logging-System initialisiert.
2025-12-02 15:12:01,350 [INFO] App - Aktive Log-Module: {'app': {'enabled': True}, 'bambu': {'enabled': True}, 'errors': {'enabled': True}, 'klipper': {'enabled': False}}
2025-12-02 15:12:49,833 [INFO] App - FilamentHub Logging-System initialisiert.
2025-12-02 15:12:49,833 [INFO] App - Aktive Log-Module: {'app': {'enabled': True}, 'bambu': {'enabled': True}, 'errors': {'enabled': True}, 'klipper': {'enabled': False}}
2025-12-02 15:12:49,833 [INFO] App - Starte FilamentHub API Server...
2025-12-02 15:12:50,042 [INFO] App - FilamentHub Logging-System initialisiert.
2025-12-02 15:12:50,043 [INFO] App - Aktive Log-Module: {'app': {'enabled': True}, 'bambu': {'enabled': True}, 'errors': {'enabled': True}, 'klipper': {'enabled': False}}
2025-12-02 15:31:25,472 [INFO] App - FilamentHub Logging-System initialisiert.
2025-12-02 15:31:25,472 [INFO] App - Aktive Log-Module: {'app': {'enabled': True}, 'bambu': {'enabled': True}, 'errors': {'enabled': True}, 'klipper': {'enabled': False}}
2025-12-02 15:31:25,472 [INFO] App - Starte FilamentHub API Server...
2025-12-02 15:31:25,720 [INFO] App - FilamentHub Logging-System initialisiert.
2025-12-02 15:31:25,720 [INFO] App - Aktive Log-Module: {'app': {'enabled': True}, 'bambu': {'enabled': True}, 'errors': {'enabled': True}, 'klipper': {'enabled': False}}
2025-12-02 15:34:02,627 [INFO] App - FilamentHub Logging-System initialisiert.
2025-12-02 15:34:02,627 [INFO] App - Aktive Log-Module: {'app': {'enabled': True}, 'bambu': {'enabled': True}, 'errors': {'enabled': True}, 'klipper': {'enabled': False}}
2025-12-02 15:34:24,504 [INFO] App - FilamentHub Logging-System initialisiert.
2025-12-02 15:34:24,504 [INFO] App - Aktive Log-Module: {'app': {'enabled': True}, 'bambu': {'enabled': True}, 'errors': {'enabled': True}, 'klipper': {'enabled': False}}
2025-12-02 15:46:54,305 [INFO] App - FilamentHub Logging-System initialisiert.
2025-12-02 15:46:54,305 [INFO] App - Aktive Log-Module: {'app': {'enabled': True}, 'bambu': {'enabled': True}, 'errors': {'enabled': True}, 'klipper': {'enabled': False}}
2025-12-02 15:46:54,305 [INFO] App - Starte FilamentHub API Server...
2025-12-02 15:46:54,508 [INFO] App - FilamentHub Logging-System initialisiert.
2025-12-02 15:46:54,508 [INFO] App - Aktive Log-Module: {'app': {'enabled': True}, 'bambu': {'enabled': True}, 'errors': {'enabled': True}, 'klipper': {'enabled': False}}
2025-12-02 16:45:02,266 [INFO] App - FilamentHub Logging-System initialisiert.
2025-12-02 16:45:02,266 [INFO] App - Aktive Log-Module: {'app': {'enabled': True}, 'bambu': {'enabled': True}, 'errors': {'enabled': True}, 'klipper': {'enabled': False}}
2025-12-02 16:45:02,267 [INFO] App - Starte FilamentHub API Server...
2025-12-02 16:45:02,462 [INFO] App - FilamentHub Logging-System initialisiert.
2025-12-02 16:45:02,463 [INFO] App - Aktive Log-Module: {'app': {'enabled': True}, 'bambu': {'enabled': True}, 'errors': {'enabled': True}, 'klipper': {'enabled': False}}
2025-12-02 16:50:47,223 [INFO] App - FilamentHub Logging-System initialisiert.
2025-12-02 16:50:47,223 [INFO] App - Aktive Log-Module: {'app': {'enabled': True}, 'bambu': {'enabled': True}, 'errors': {'enabled': True}, 'klipper': {'enabled': False}}
2025-12-02 16:50:47,223 [INFO] App - Starte FilamentHub API Server...
2025-12-02 16:50:47,416 [INFO] App - FilamentHub Logging-System initialisiert.
2025-12-02 16:50:47,416 [INFO] App - Aktive Log-Module: {'app': {'enabled': True}, 'bambu': {'enabled': True}, 'errors': {'enabled': True}, 'klipper': {'enabled': False}}
2025-12-02 17:04:55,494 [INFO] App - FilamentHub Logging-System initialisiert.
2025-12-02 17:04:55,494 [INFO] App - Aktive Log-Module: {'app': {'enabled': True}, 'bambu': {'enabled': True}, 'errors': {'enabled': True}, 'klipper': {'enabled': False}}
2025-12-02 17:04:55,494 [INFO] App - Starte FilamentHub API Server...
2025-12-02 17:04:55,687 [INFO] App - FilamentHub Logging-System initialisiert.
2025-12-02 17:04:55,687 [INFO] App - Aktive Log-Module: {'app': {'enabled': True}, 'bambu': {'enabled': True}, 'errors': {'enabled': True}, 'klipper': {'enabled': False}}
2025-12-02 17:12:12,998 [INFO] App - FilamentHub Logging-System initialisiert.
2025-12-02 17:12:12,998 [INFO] App - Aktive Log-Module: {'app': {'enabled': True}, 'bambu': {'enabled': True}, 'errors': {'enabled': True}, 'klipper': {'enabled': False}}
2025-12-02 17:12:12,998 [INFO] App - Starte FilamentHub API Server...
2025-12-02 17:12:13,194 [INFO] App - FilamentHub Logging-System initialisiert.
2025-12-02 17:12:13,195 [INFO] App - Aktive Log-Module: {'app': {'enabled': True}, 'bambu': {'enabled': True}, 'errors': {'enabled': True}, 'klipper': {'enabled': False}}
2025-12-02 17:15:34,552 [INFO] App - FilamentHub Logging-System initialisiert.
2025-12-02 17:15:34,552 [INFO] App - Aktive Log-Module: {'app': {'enabled': True}, 'bambu': {'enabled': True}, 'errors': {'enabled': True}, 'klipper': {'enabled': False}}
2025-12-02 17:15:34,552 [INFO] App - Starte FilamentHub API Server...
2025-12-02 17:15:34,744 [INFO] App - FilamentHub Logging-System initialisiert.
2025-12-02 17:15:34,744 [INFO] App - Aktive Log-Module: {'app': {'enabled': True}, 'bambu': {'enabled': True}, 'errors': {'enabled': True}, 'klipper': {'enabled': False}}
2025-12-02 17:20:58,808 [INFO] App - FilamentHub Logging-System initialisiert.
2025-12-02 17:20:58,808 [INFO] App - Aktive Log-Module: {'app': {'enabled': True}, 'bambu': {'enabled': True}, 'errors': {'enabled': True}, 'klipper': {'enabled': False}}
2025-12-02 17:20:58,808 [INFO] App - Starte FilamentHub API Server...
2025-12-02 17:20:59,001 [INFO] App - FilamentHub Logging-System initialisiert.
2025-12-02 17:20:59,001 [INFO] App - Aktive Log-Module: {'app': {'enabled': True}, 'bambu': {'enabled': True}, 'errors': {'enabled': True}, 'klipper': {'enabled': False}}
2025-12-02 17:24:57,140 [INFO] App - FilamentHub Logging-System initialisiert.
2025-12-02 17:24:57,141 [INFO] App - Aktive Log-Module: {'app': {'enabled': True}, 'bambu': {'enabled': True}, 'errors': {'enabled': True}, 'klipper': {'enabled': False}}
2025-12-02 17:24:57,141 [INFO] App - Starte FilamentHub API Server...
2025-12-02 17:24:57,340 [INFO] App - FilamentHub Logging-System initialisiert.
2025-12-02 17:24:57,341 [INFO] App - Aktive Log-Module: {'app': {'enabled': True}, 'bambu': {'enabled': True}, 'errors': {'enabled': True}, 'klipper': {'enabled': False}}
2025-12-02 17:41:04,301 [INFO] App - FilamentHub Logging-System initialisiert.
2025-12-02 17:41:04,301 [INFO] App - Aktive Log-Module: {'app': {'enabled': True}, 'bambu': {'enabled': True}, 'errors': {'enabled': True}, 'klipper': {'enabled': False}}
2025-12-02 17:41:04,302 [INFO] App - Starte FilamentHub API Server...
2025-12-02 17:41:04,494 [INFO] App - FilamentHub Logging-System initialisiert.
2025-12-02 17:41:04,494 [INFO] App - Aktive Log-Module: {'app': {'enabled': True}, 'bambu': {'enabled': True}, 'errors': {'enabled': True}, 'klipper': {'enabled': False}}
2025-12-02 17:57:10,942 [INFO] App - FilamentHub Logging-System initialisiert.
2025-12-02 17:57:10,943 [INFO] App - Aktive Log-Module: {'app': {'enabled': True}, 'bambu': {'enabled': True}, 'errors': {'enabled': True}, 'klipper': {'enabled': False}}
2025-12-02 17:57:10,943 [INFO] App - Starte FilamentHub API Server...
2025-12-02 17:57:11,138 [INFO] App - FilamentHub Logging-System initialisiert.
2025-12-02 17:57:11,138 [INFO] App - Aktive Log-Module: {'app': {'enabled': True}, 'bambu': {'enabled': True}, 'errors': {'enabled': True}, 'klipper': {'enabled': False}}
2025-12-02 18:27:45,037 [INFO] App - FilamentHub Logging-System initialisiert.
2025-12-02 18:27:45,037 [INFO] App - Aktive Log-Module: {'app': {'enabled': True}, 'bambu': {'enabled': True}, 'errors': {'enabled': True}, 'klipper': {'enabled': False}}
2025-12-02 18:27:45,037 [INFO] App - Starte FilamentHub API Server...
2025-12-02 18:27:45,230 [INFO] App - FilamentHub Logging-System initialisiert.
2025-12-02 18:27:45,231 [INFO] App - Aktive Log-Module: {'app': {'enabled': True}, 'bambu': {'enabled': True}, 'errors': {'enabled': True}, 'klipper': {'enabled': False}}
2025-12-02 18:30:05,599 [INFO] App - FilamentHub Logging-System initialisiert.
2025-12-02 18:30:05,600 [INFO] App - Aktive Log-Module: {'app': {'enabled': True}, 'bambu': {'enabled': True}, 'errors': {'enabled': True}, 'klipper': {'enabled': False}}
2025-12-02 18:30:05,600 [INFO] App - Starte FilamentHub API Server...
2025-12-02 18:30:05,796 [INFO] App - FilamentHub Logging-System initialisiert.
2025-12-02 18:30:05,796 [INFO] App - Aktive Log-Module: {'app': {'enabled': True}, 'bambu': {'enabled': True}, 'errors': {'enabled': True}, 'klipper': {'enabled': False}}
2025-12-02 18:30:53,360 [INFO] App - FilamentHub Logging-System initialisiert.
2025-12-02 18:30:53,360 [INFO] App - Aktive Log-Module: {'app': {'enabled': True}, 'bambu': {'enabled': True}, 'errors': {'enabled': True}, 'klipper': {'enabled': False}}
2025-12-02 18:31:50,407 [INFO] App - FilamentHub Logging-System initialisiert.
2025-12-02 18:31:50,407 [INFO] App - Aktive Log-Module: {'app': {'enabled': True}, 'bambu': {'enabled': True}, 'errors': {'enabled': True}, 'klipper': {'enabled': False}}
2025-12-02 18:32:08,615 [INFO] App - FilamentHub Logging-System initialisiert.
2025-12-02 18:32:08,616 [INFO] App - Aktive Log-Module: {'app': {'enabled': True}, 'bambu': {'enabled': True}, 'errors': {'enabled': True}, 'klipper': {'enabled': False}}
2025-12-02 20:55:20,113 [INFO] App - FilamentHub Logging-System initialisiert.
2025-12-02 20:55:20,113 [INFO] App - Aktive Log-Module: {'app': {'enabled': True}, 'bambu': {'enabled': True}, 'errors': {'enabled': True}, 'klipper': {'enabled': False}, 'mqtt': {'enabled': False}}
2025-12-02 21:00:54,681 [INFO] App - FilamentHub Logging-System initialisiert.
2025-12-02 21:00:54,681 [INFO] App - Aktive Log-Module: {'app': {'enabled': True}, 'bambu': {'enabled': True}, 'errors': {'enabled': True}, 'klipper': {'enabled': False}, 'mqtt': {'enabled': False}}
2025-12-02 21:00:54,681 [INFO] App - Starte FilamentHub API Server...
2025-12-02 21:00:54,880 [INFO] App - FilamentHub Logging-System initialisiert.
2025-12-02 21:00:54,880 [INFO] App - Aktive Log-Module: {'app': {'enabled': True}, 'bambu': {'enabled': True}, 'errors': {'enabled': True}, 'klipper': {'enabled': False}, 'mqtt': {'enabled': False}}
2025-12-02 21:41:49,196 [INFO] App - FilamentHub Logging-System initialisiert.
2025-12-02 21:41:49,197 [INFO] App - Aktive Log-Module: {'app': {'enabled': True}, 'bambu': {'enabled': True}, 'errors': {'enabled': True}, 'klipper': {'enabled': False}, 'mqtt': {'enabled': False}}
2025-12-02 21:44:50,488 [INFO] App - FilamentHub Logging-System initialisiert.
2025-12-02 21:44:50,489 [INFO] App - Aktive Log-Module: {'app': {'enabled': True}, 'bambu': {'enabled': True}, 'errors': {'enabled': True}, 'klipper': {'enabled': False}, 'mqtt': {'enabled': False}}
2025-12-02 21:45:18,478 [INFO] App - FilamentHub Logging-System initialisiert.
2025-12-02 21:45:18,478 [INFO] App - Aktive Log-Module: {'app': {'enabled': True}, 'bambu': {'enabled': True}, 'errors': {'enabled': True}, 'klipper': {'enabled': False}, 'mqtt': {'enabled': False}}
2025-12-02 21:46:37,487 [INFO] App - FilamentHub Logging-System initialisiert.
2025-12-02 21:46:37,487 [INFO] App - Aktive Log-Module: {'app': {'enabled': True}, 'bambu': {'enabled': True}, 'errors': {'enabled': True}, 'klipper': {'enabled': False}, 'mqtt': {'enabled': False}}
2025-12-02 21:46:53,724 [INFO] App - FilamentHub Logging-System initialisiert.
2025-12-02 21:46:53,724 [INFO] App - Aktive Log-Module: {'app': {'enabled': True}, 'bambu': {'enabled': True}, 'errors': {'enabled': True}, 'klipper': {'enabled': False}, 'mqtt': {'enabled': False}}
2025-12-02 21:57:26,132 [INFO] App - FilamentHub Logging-System initialisiert.
2025-12-02 21:57:26,133 [INFO] App - Aktive Log-Module: {'app': {'enabled': True}, 'bambu': {'enabled': True}, 'errors': {'enabled': True}, 'klipper': {'enabled': False}, 'mqtt': {'enabled': False}}
2025-12-02 21:57:27,195 [INFO] App - FilamentHub Logging-System initialisiert.
2025-12-02 21:57:27,195 [INFO] App - Aktive Log-Module: {'app': {'enabled': True}, 'bambu': {'enabled': True}, 'errors': {'enabled': True}, 'klipper': {'enabled': False}, 'mqtt': {'enabled': False}}
2025-12-02 21:57:47,507 [INFO] App - FilamentHub Logging-System initialisiert.
2025-12-02 21:57:47,507 [INFO] App - Aktive Log-Module: {'app': {'enabled': True}, 'bambu': {'enabled': True}, 'errors': {'enabled': True}, 'klipper': {'enabled': False}, 'mqtt': {'enabled': False}}
2025-12-02 21:57:47,507 [INFO] App - Starte FilamentHub API Server...
2025-12-02 21:57:47,707 [INFO] App - FilamentHub Logging-System initialisiert.
2025-12-02 21:57:47,707 [INFO] App - Aktive Log-Module: {'app': {'enabled': True}, 'bambu': {'enabled': True}, 'errors': {'enabled': True}, 'klipper': {'enabled': False}, 'mqtt': {'enabled': False}}
2025-12-02 21:59:24,076 [INFO] App - FilamentHub Logging-System initialisiert.
2025-12-02 21:59:24,077 [INFO] App - Aktive Log-Module: {'app': {'enabled': True}, 'bambu': {'enabled': True}, 'errors': {'enabled': True}, 'klipper': {'enabled': False}, 'mqtt': {'enabled': False}}
2025-12-02 21:59:24,077 [INFO] App - Starte FilamentHub API Server...
2025-12-02 21:59:24,276 [INFO] App - FilamentHub Logging-System initialisiert.
2025-12-02 21:59:24,277 [INFO] App - Aktive Log-Module: {'app': {'enabled': True}, 'bambu': {'enabled': True}, 'errors': {'enabled': True}, 'klipper': {'enabled': False}, 'mqtt': {'enabled': False}}
2025-12-02 22:00:41,542 [INFO] App - FilamentHub Logging-System initialisiert.
2025-12-02 22:00:41,542 [INFO] App - Aktive Log-Module: {'app': {'enabled': True}, 'bambu': {'enabled': True}, 'errors': {'enabled': True}, 'klipper': {'enabled': False}, 'mqtt': {'enabled': False}}
2025-12-02 22:01:21,037 [INFO] App - FilamentHub Logging-System initialisiert.
2025-12-02 22:01:21,038 [INFO] App - Aktive Log-Module: {'app': {'enabled': True}, 'bambu': {'enabled': True}, 'errors': {'enabled': True}, 'klipper': {'enabled': False}, 'mqtt': {'enabled': False}}
2025-12-02 22:01:21,038 [INFO] App - Starte FilamentHub API Server...
2025-12-02 22:01:21,238 [INFO] App - FilamentHub Logging-System initialisiert.
2025-12-02 22:01:21,238 [INFO] App - Aktive Log-Module: {'app': {'enabled': True}, 'bambu': {'enabled': True}, 'errors': {'enabled': True}, 'klipper': {'enabled': False}, 'mqtt': {'enabled': False}}
2025-12-02 22:03:49,329 [INFO] App - FilamentHub Logging-System initialisiert.
2025-12-02 22:03:49,330 [INFO] App - Aktive Log-Module: {'app': {'enabled': True}, 'bambu': {'enabled': True}, 'errors': {'enabled': True}, 'klipper': {'enabled': False}, 'mqtt': {'enabled': False}}
2025-12-02 22:03:49,330 [INFO] App - Starte FilamentHub API Server...
2025-12-02 22:03:49,529 [INFO] App - FilamentHub Logging-System initialisiert.
2025-12-02 22:03:49,529 [INFO] App - Aktive Log-Module: {'app': {'enabled': True}, 'bambu': {'enabled': True}, 'errors': {'enabled': True}, 'klipper': {'enabled': False}, 'mqtt': {'enabled': False}}
2025-12-02 22:06:33,850 [INFO] App - FilamentHub Logging-System initialisiert.
2025-12-02 22:06:33,851 [INFO] App - Aktive Log-Module: {'app': {'enabled': True}, 'bambu': {'enabled': True}, 'errors': {'enabled': True}, 'klipper': {'enabled': False}, 'mqtt': {'enabled': False}}
2025-12-02 22:06:53,421 [INFO] App - FilamentHub Logging-System initialisiert.
2025-12-02 22:06:53,421 [INFO] App - Aktive Log-Module: {'app': {'enabled': True}, 'bambu': {'enabled': True}, 'errors': {'enabled': True}, 'klipper': {'enabled': False}, 'mqtt': {'enabled': False}}
2025-12-02 22:07:38,963 [INFO] App - FilamentHub Logging-System initialisiert.
2025-12-02 22:07:38,963 [INFO] App - Aktive Log-Module: {'app': {'enabled': True}, 'bambu': {'enabled': True}, 'errors': {'enabled': True}, 'klipper': {'enabled': False}, 'mqtt': {'enabled': False}}
2025-12-02 22:07:38,963 [INFO] App - Starte FilamentHub API Server...
2025-12-02 22:07:39,163 [INFO] App - FilamentHub Logging-System initialisiert.
2025-12-02 22:07:39,164 [INFO] App - Aktive Log-Module: {'app': {'enabled': True}, 'bambu': {'enabled': True}, 'errors': {'enabled': True}, 'klipper': {'enabled': False}, 'mqtt': {'enabled': False}}
2025-12-02 22:17:09,124 [INFO] App - FilamentHub Logging-System initialisiert.
2025-12-02 22:17:09,124 [INFO] App - Aktive Log-Module: {'app': {'enabled': True}, 'bambu': {'enabled': True}, 'errors': {'enabled': True}, 'klipper': {'enabled': False}, 'mqtt': {'enabled': False}}
2025-12-02 22:17:10,193 [INFO] App - FilamentHub Logging-System initialisiert.
2025-12-02 22:17:10,193 [INFO] App - Aktive Log-Module: {'app': {'enabled': True}, 'bambu': {'enabled': True}, 'errors': {'enabled': True}, 'klipper': {'enabled': False}, 'mqtt': {'enabled': False}}
2025-12-02 22:18:33,149 [INFO] App - FilamentHub Logging-System initialisiert.
2025-12-02 22:18:33,149 [INFO] App - Aktive Log-Module: {'app': {'enabled': True}, 'bambu': {'enabled': True}, 'errors': {'enabled': True}, 'klipper': {'enabled': False}, 'mqtt': {'enabled': False}}
2025-12-02 22:18:41,313 [INFO] App - FilamentHub Logging-System initialisiert.
2025-12-02 22:18:41,314 [INFO] App - Aktive Log-Module: {'app': {'enabled': True}, 'bambu': {'enabled': True}, 'errors': {'enabled': True}, 'klipper': {'enabled': False}, 'mqtt': {'enabled': False}}
2025-12-02 22:18:47,738 [INFO] App - FilamentHub Logging-System initialisiert.
2025-12-02 22:18:47,738 [INFO] App - Aktive Log-Module: {'app': {'enabled': True}, 'bambu': {'enabled': True}, 'errors': {'enabled': True}, 'klipper': {'enabled': False}, 'mqtt': {'enabled': False}}
2025-12-02 22:19:19,655 [INFO] App - FilamentHub Logging-System initialisiert.
2025-12-02 22:19:19,655 [INFO] App - Aktive Log-Module: {'app': {'enabled': True}, 'bambu': {'enabled': True}, 'errors': {'enabled': True}, 'klipper': {'enabled': False}, 'mqtt': {'enabled': False}}
2025-12-02 22:20:42,614 [INFO] App - FilamentHub Logging-System initialisiert.
2025-12-02 22:20:42,614 [INFO] App - Aktive Log-Module: {'app': {'enabled': True}, 'bambu': {'enabled': True}, 'errors': {'enabled': True}, 'klipper': {'enabled': False}, 'mqtt': {'enabled': False}}
2025-12-02 22:21:39,734 [INFO] App - FilamentHub Logging-System initialisiert.
2025-12-02 22:21:39,735 [INFO] App - Aktive Log-Module: {'app': {'enabled': True}, 'bambu': {'enabled': True}, 'errors': {'enabled': True}, 'klipper': {'enabled': False}, 'mqtt': {'enabled': False}}
2025-12-02 22:21:39,735 [INFO] App - Starte FilamentHub API Server...
2025-12-02 22:21:39,936 [INFO] App - FilamentHub Logging-System initialisiert.
2025-12-02 22:21:39,937 [INFO] App - Aktive Log-Module: {'app': {'enabled': True}, 'bambu': {'enabled': True}, 'errors': {'enabled': True}, 'klipper': {'enabled': False}, 'mqtt': {'enabled': False}}
2025-12-02 22:23:43,450 [INFO] App - FilamentHub Logging-System initialisiert.
2025-12-02 22:23:43,450 [INFO] App - Aktive Log-Module: {'app': {'enabled': True}, 'bambu': {'enabled': True}, 'errors': {'enabled': True}, 'klipper': {'enabled': False}, 'mqtt': {'enabled': False}}
2025-12-02 22:23:43,450 [INFO] App - Starte FilamentHub API Server...
2025-12-02 22:23:43,646 [INFO] App - FilamentHub Logging-System initialisiert.
2025-12-02 22:23:43,647 [INFO] App - Aktive Log-Module: {'app': {'enabled': True}, 'bambu': {'enabled': True}, 'errors': {'enabled': True}, 'klipper': {'enabled': False}, 'mqtt': {'enabled': False}}
2025-12-02 22:34:09,453 [INFO] App - FilamentHub Logging-System initialisiert.
2025-12-02 22:34:09,453 [INFO] App - Aktive Log-Module: {'app': {'enabled': True}, 'bambu': {'enabled': True}, 'errors': {'enabled': True}, 'klipper': {'enabled': False}, 'mqtt': {'enabled': False}}
2025-12-02 22:34:09,453 [INFO] App - Starte FilamentHub API Server...
2025-12-02 22:34:09,699 [INFO] App - FilamentHub Logging-System initialisiert.
2025-12-02 22:34:09,700 [INFO] App - Aktive Log-Module: {'app': {'enabled': True}, 'bambu': {'enabled': True}, 'errors': {'enabled': True}, 'klipper': {'enabled': False}, 'mqtt': {'enabled': False}}
2025-12-02 22:58:20,061 [INFO] App - FilamentHub Logging-System initialisiert.
2025-12-02 22:58:20,061 [INFO] App - Aktive Log-Module: {'app': {'enabled': True}, 'bambu': {'enabled': True}, 'errors': {'enabled': True}, 'klipper': {'enabled': False}, 'mqtt': {'enabled': False}}
2025-12-02 22:58:20,061 [INFO] App - Starte FilamentHub API Server...
2025-12-02 22:58:20,279 [INFO] App - FilamentHub Logging-System initialisiert.
2025-12-02 22:58:20,279 [INFO] App - Aktive Log-Module: {'app': {'enabled': True}, 'bambu': {'enabled': True}, 'errors': {'enabled': True}, 'klipper': {'enabled': False}, 'mqtt': {'enabled': False}}
2025-12-02 23:02:27,111 [INFO] App - FilamentHub Logging-System initialisiert.
2025-12-02 23:02:27,111 [INFO] App - Aktive Log-Module: {'app': {'enabled': True}, 'bambu': {'enabled': True}, 'errors': {'enabled': True}, 'klipper': {'enabled': False}, 'mqtt': {'enabled': False}}
2025-12-02 23:02:47,165 [INFO] App - FilamentHub Logging-System initialisiert.
2025-12-02 23:02:47,165 [INFO] App - Aktive Log-Module: {'app': {'enabled': True}, 'bambu': {'enabled': True}, 'errors': {'enabled': True}, 'klipper': {'enabled': False}, 'mqtt': {'enabled': False}}
2025-12-02 23:02:47,165 [INFO] App - Starte FilamentHub API Server...
2025-12-02 23:02:47,366 [INFO] App - FilamentHub Logging-System initialisiert.
2025-12-02 23:02:47,367 [INFO] App - Aktive Log-Module: {'app': {'enabled': True}, 'bambu': {'enabled': True}, 'errors': {'enabled': True}, 'klipper': {'enabled': False}, 'mqtt': {'enabled': False}}
2025-12-02 23:05:56,878 [INFO] App - FilamentHub Logging-System initialisiert.
2025-12-02 23:05:56,878 [INFO] App - Aktive Log-Module: {'app': {'enabled': True}, 'bambu': {'enabled': True}, 'errors': {'enabled': True}, 'klipper': {'enabled': False}, 'mqtt': {'enabled': False}}
2025-12-02 23:05:56,879 [INFO] App - Starte FilamentHub API Server...
2025-12-02 23:05:57,089 [INFO] App - FilamentHub Logging-System initialisiert.
2025-12-02 23:05:57,090 [INFO] App - Aktive Log-Module: {'app': {'enabled': True}, 'bambu': {'enabled': True}, 'errors': {'enabled': True}, 'klipper': {'enabled': False}, 'mqtt': {'enabled': False}}
2025-12-02 23:41:43,375 [INFO] App - FilamentHub Logging-System initialisiert.
2025-12-02 23:41:43,376 [INFO] App - Aktive Log-Module: {'app': {'enabled': True}, 'bambu': {'enabled': True}, 'errors': {'enabled': True}, 'klipper': {'enabled': False}, 'mqtt': {'enabled': False}}
2025-12-02 23:41:43,376 [INFO] App - Starte FilamentHub API Server...
2025-12-02 23:41:43,582 [INFO] App - FilamentHub Logging-System initialisiert.
2025-12-02 23:41:43,583 [INFO] App - Aktive Log-Module: {'app': {'enabled': True}, 'bambu': {'enabled': True}, 'errors': {'enabled': True}, 'klipper': {'enabled': False}, 'mqtt': {'enabled': False}}
2025-12-02 23:45:54,492 [INFO] App - FilamentHub Logging-System initialisiert.
2025-12-02 23:45:54,492 [INFO] App - Aktive Log-Module: {'app': {'enabled': True}, 'bambu': {'enabled': True}, 'errors': {'enabled': True}, 'klipper': {'enabled': False}, 'mqtt': {'enabled': False}}
2025-12-02 23:45:54,492 [INFO] App - Starte FilamentHub API Server...
2025-12-02 23:45:54,694 [INFO] App - FilamentHub Logging-System initialisiert.
2025-12-02 23:45:54,694 [INFO] App - Aktive Log-Module: {'app': {'enabled': True}, 'bambu': {'enabled': True}, 'errors': {'enabled': True}, 'klipper': {'enabled': False}, 'mqtt': {'enabled': False}}
2025-12-02 23:49:47,599 [INFO] App - FilamentHub Logging-System initialisiert.
2025-12-02 23:49:47,600 [INFO] App - Aktive Log-Module: {'app': {'enabled': True}, 'bambu': {'enabled': True}, 'errors': {'enabled': True}, 'klipper': {'enabled': False}, 'mqtt': {'enabled': False}}
2025-12-02 23:50:11,833 [INFO] App - FilamentHub Logging-System initialisiert.
2025-12-02 23:50:11,834 [INFO] App - Aktive Log-Module: {'app': {'enabled': True}, 'bambu': {'enabled': True}, 'errors': {'enabled': True}, 'klipper': {'enabled': False}, 'mqtt': {'enabled': False}}
2025-12-02 23:53:19,413 [INFO] App - FilamentHub Logging-System initialisiert.
2025-12-02 23:53:19,413 [INFO] App - Aktive Log-Module: {'app': {'enabled': True}, 'bambu': {'enabled': True}, 'errors': {'enabled': True}, 'klipper': {'enabled': False}, 'mqtt': {'enabled': False}}
2025-12-02 23:53:42,452 [INFO] App - FilamentHub Logging-System initialisiert.
2025-12-02 23:53:42,452 [INFO] App - Aktive Log-Module: {'app': {'enabled': True}, 'bambu': {'enabled': True}, 'errors': {'enabled': True}, 'klipper': {'enabled': False}, 'mqtt': {'enabled': False}}
2025-12-02 23:54:00,804 [INFO] App - FilamentHub Logging-System initialisiert.
2025-12-02 23:54:00,805 [INFO] App - Aktive Log-Module: {'app': {'enabled': True}, 'bambu': {'enabled': True}, 'errors': {'enabled': True}, 'klipper': {'enabled': False}, 'mqtt': {'enabled': False}}
2025-12-02 23:54:01,978 [INFO] App - FilamentHub Logging-System initialisiert.
2025-12-02 23:54:01,978 [INFO] App - Aktive Log-Module: {'app': {'enabled': True}, 'bambu': {'enabled': True}, 'errors': {'enabled': True}, 'klipper': {'enabled': False}, 'mqtt': {'enabled': False}}
2025-12-02 23:54:35,795 [INFO] App - FilamentHub Logging-System initialisiert.
2025-12-02 23:54:35,795 [INFO] App - Aktive Log-Module: {'app': {'enabled': True}, 'bambu': {'enabled': True}, 'errors': {'enabled': True}, 'klipper': {'enabled': False}, 'mqtt': {'enabled': False}}
2025-12-02 23:55:12,270 [INFO] App - FilamentHub Logging-System initialisiert.
2025-12-02 23:55:12,270 [INFO] App - Aktive Log-Module: {'app': {'enabled': True}, 'bambu': {'enabled': True}, 'errors': {'enabled': True}, 'klipper': {'enabled': False}, 'mqtt': {'enabled': False}}
2025-12-02 23:55:13,527 [INFO] App - FilamentHub Logging-System initialisiert.
2025-12-02 23:55:13,527 [INFO] App - Aktive Log-Module: {'app': {'enabled': True}, 'bambu': {'enabled': True}, 'errors': {'enabled': True}, 'klipper': {'enabled': False}, 'mqtt': {'enabled': False}}
2025-12-02 23:55:24,252 [INFO] App - FilamentHub Logging-System initialisiert.
2025-12-02 23:55:24,252 [INFO] App - Aktive Log-Module: {'app': {'enabled': True}, 'bambu': {'enabled': True}, 'errors': {'enabled': True}, 'klipper': {'enabled': False}, 'mqtt': {'enabled': False}}
2025-12-02 23:55:38,586 [INFO] App - FilamentHub Logging-System initialisiert.
2025-12-02 23:55:38,586 [INFO] App - Aktive Log-Module: {'app': {'enabled': True}, 'bambu': {'enabled': True}, 'errors': {'enabled': True}, 'klipper': {'enabled': False}, 'mqtt': {'enabled': False}}
2025-12-02 23:55:55,594 [INFO] App - FilamentHub Logging-System initialisiert.
2025-12-02 23:55:55,594 [INFO] App - Aktive Log-Module: {'app': {'enabled': True}, 'bambu': {'enabled': True}, 'errors': {'enabled': True}, 'klipper': {'enabled': False}, 'mqtt': {'enabled': False}}
2025-12-02 23:56:39,997 [INFO] App - FilamentHub Logging-System initialisiert.
2025-12-02 23:56:39,997 [INFO] App - Aktive Log-Module: {'app': {'enabled': True}, 'bambu': {'enabled': True}, 'errors': {'enabled': True}, 'klipper': {'enabled': False}, 'mqtt': {'enabled': False}}
2025-12-02 23:56:53,928 [INFO] App - FilamentHub Logging-System initialisiert.
2025-12-02 23:56:53,928 [INFO] App - Aktive Log-Module: {'app': {'enabled': True}, 'bambu': {'enabled': True}, 'errors': {'enabled': True}, 'klipper': {'enabled': False}, 'mqtt': {'enabled': False}}
